<?xml version="1.0" encoding="UTF-8"?>
<!-- Generated by org.testng.reporters.JUnitReportReporter -->
<testsuite hostname="VIKAS" failures="0" tests="1" name="com.testScripts.HomePageTest" time="55.444" errors="0" timestamp="2024-11-27T17:28:18 IST" skipped="0">
  <testcase classname="com.testScripts.HomePageTest" name="homeScreenManagement" time="55.444"/>
</testsuite> <!-- com.testScripts.HomePageTest -->
