<?xml version="1.0" encoding="UTF-8"?>
<!-- Generated by org.testng.reporters.JUnitReportReporter -->
<testsuite hostname="DESKTOP-6S2BJRF" failures="0" tests="1" name="com.testScripts.SignUpTest" time="21.373" errors="0" timestamp="2024-11-27T12:33:53 IST" skipped="0">
  <testcase classname="com.testScripts.SignUpTest" name="newSignUp" time="21.373"/>
</testsuite> <!-- com.testScripts.SignUpTest -->
