<?xml version="1.0" encoding="UTF-8"?>
<!-- Generated by org.testng.reporters.JUnitReportReporter -->
<testsuite hostname="DESKTOP-6S2BJRF" failures="0" tests="1" name="com.testScripts.VODTest" time="163.214" errors="0" timestamp="2024-11-26T15:41:00 IST" skipped="0">
  <testcase classname="com.testScripts.VODTest" name="newVODmanagement" time="163.214"/>
</testsuite> <!-- com.testScripts.VODTest -->
