<?xml version="1.0" encoding="UTF-8"?>
<!-- Generated by org.testng.reporters.JUnitReportReporter -->
<testsuite hostname="DESKTOP-6S2BJRF" failures="0" tests="1" name="com.testScripts.KidsTest" time="175.422" errors="0" timestamp="2024-11-26T15:46:07 IST" skipped="0">
  <testcase classname="com.testScripts.KidsTest" name="newKidsmanagement" time="175.422"/>
</testsuite> <!-- com.testScripts.KidsTest -->
