<?xml version="1.0" encoding="UTF-8"?>
<!-- Generated by org.testng.reporters.JUnitReportReporter -->
<testsuite hostname="VIKAS" failures="0" tests="1" name="com.testScripts.KidsTest" time="187.528" errors="0" timestamp="2024-11-27T15:07:13 IST" skipped="0">
  <testcase classname="com.testScripts.KidsTest" name="newKidsmanagement" time="187.528"/>
</testsuite> <!-- com.testScripts.KidsTest -->
