<?xml version="1.0" encoding="UTF-8"?>
<!-- Generated by org.testng.reporters.JUnitReportReporter -->
<testsuite hostname="VIKAS" failures="0" tests="1" name="com.testScripts.LoginTest" time="32.233" errors="0" timestamp="2024-11-27T17:37:00 IST" skipped="0">
  <testcase classname="com.testScripts.LoginTest" name="validPasswordloginpage" time="32.233"/>
</testsuite> <!-- com.testScripts.LoginTest -->
