<?xml version="1.0" encoding="UTF-8"?>
<!-- Generated by org.testng.reporters.JUnitReportReporter -->
<testsuite hostname="DESKTOP-6S2BJRF" failures="0" tests="1" name="com.testScripts.CatchUpTest" time="64.435" errors="0" timestamp="2024-11-26T15:56:47 IST" skipped="0">
  <testcase classname="com.testScripts.CatchUpTest" name="newKidsmanagement" time="64.435"/>
</testsuite> <!-- com.testScripts.CatchUpTest -->
